e:\downloads\csc10003\team_project\svg_project\svgdemo\x64\debug\svgdemo.pch
e:\downloads\csc10003\team_project\svg_project\svgdemo\x64\debug\vc143.pdb
e:\downloads\csc10003\team_project\svg_project\svgdemo\x64\debug\vc143.idb
e:\downloads\csc10003\team_project\svg_project\svgdemo\x64\debug\stdafx.obj
e:\downloads\csc10003\team_project\svg_project\svgdemo\x64\debug\svgdemo.obj
e:\downloads\csc10003\team_project\svg_project\svgdemo\x64\debug\shape.obj
e:\downloads\csc10003\team_project\svg_project\svgdemo\x64\debug\rectangleshape.obj
e:\downloads\csc10003\team_project\svg_project\svgdemo\x64\debug\ellipseshape.obj
e:\downloads\csc10003\team_project\svg_project\svgdemo\x64\debug\circleshape.obj
e:\downloads\csc10003\team_project\svg_project\svgdemo\x64\debug\svgdemo.ilk
e:\downloads\csc10003\team_project\svg_project\x64\debug\svgdemo.exe
e:\downloads\csc10003\team_project\svg_project\x64\debug\svgdemo.pdb
e:\downloads\csc10003\team_project\svg_project\svgdemo\x64\debug\svgdemo.res
e:\downloads\csc10003\team_project\svg_project\svgdemo\x64\debug\svgdemo.tlog\cl.command.1.tlog
e:\downloads\csc10003\team_project\svg_project\svgdemo\x64\debug\svgdemo.tlog\cl.items.tlog
e:\downloads\csc10003\team_project\svg_project\svgdemo\x64\debug\svgdemo.tlog\cl.read.1.tlog
e:\downloads\csc10003\team_project\svg_project\svgdemo\x64\debug\svgdemo.tlog\cl.write.1.tlog
e:\downloads\csc10003\team_project\svg_project\svgdemo\x64\debug\svgdemo.tlog\link.command.1.tlog
e:\downloads\csc10003\team_project\svg_project\svgdemo\x64\debug\svgdemo.tlog\link.read.1.tlog
e:\downloads\csc10003\team_project\svg_project\svgdemo\x64\debug\svgdemo.tlog\link.write.1.tlog
e:\downloads\csc10003\team_project\svg_project\svgdemo\x64\debug\svgdemo.tlog\rc.command.1.tlog
e:\downloads\csc10003\team_project\svg_project\svgdemo\x64\debug\svgdemo.tlog\rc.read.1.tlog
e:\downloads\csc10003\team_project\svg_project\svgdemo\x64\debug\svgdemo.tlog\rc.write.1.tlog
